<?xml version="1.0" encoding="UTF-8"?>
<!-- Generated by org.testng.reporters.JUnitReportReporter -->
<testsuite skipped="0" hostname="DESKTOP-9D6R75R" name="ru.pflb.study.kosenkov.homework1.TestNumberConverter" tests="18" failures="0" timestamp="19 дек 2019 22:29:56 GMT" time="0.025" errors="0">
  <testcase name="testConvertDecToBin" time="0.001" classname="ru.pflb.study.kosenkov.homework1.TestNumberConverter"/>
  <testcase name="testConvertDecToHex" time="0.000" classname="ru.pflb.study.kosenkov.homework1.TestNumberConverter"/>
  <testcase name="testConvertDecToHex" time="0.001" classname="ru.pflb.study.kosenkov.homework1.TestNumberConverter"/>
  <testcase name="testNegativeIsBinOROctORHex" time="0.001" classname="ru.pflb.study.kosenkov.homework1.TestNumberConverter"/>
  <testcase name="testPositiveIsBinOROctORHex" time="0.000" classname="ru.pflb.study.kosenkov.homework1.TestNumberConverter"/>
  <testcase name="testNegativeIsBinOROctORHex" time="0.000" classname="ru.pflb.study.kosenkov.homework1.TestNumberConverter"/>
  <testcase name="testPositiveIsBinOROctORHex" time="0.002" classname="ru.pflb.study.kosenkov.homework1.TestNumberConverter"/>
  <testcase name="testConvertBinToOct" time="0.002" classname="ru.pflb.study.kosenkov.homework1.TestNumberConverter"/>
  <testcase name="testConvertDecToHex" time="0.005" classname="ru.pflb.study.kosenkov.homework1.TestNumberConverter"/>
  <testcase name="testConvertDecToBin" time="0.000" classname="ru.pflb.study.kosenkov.homework1.TestNumberConverter"/>
  <testcase name="testPositiveIsBinOROctORHex" time="0.004" classname="ru.pflb.study.kosenkov.homework1.TestNumberConverter"/>
  <testcase name="testConvertBinToOct" time="0.002" classname="ru.pflb.study.kosenkov.homework1.TestNumberConverter"/>
  <testcase name="testNegativeIsBinOROctORHex" time="0.003" classname="ru.pflb.study.kosenkov.homework1.TestNumberConverter"/>
  <testcase name="testConvertDecToBin" time="0.000" classname="ru.pflb.study.kosenkov.homework1.TestNumberConverter"/>
  <testcase name="testConvertDecToHex" time="0.000" classname="ru.pflb.study.kosenkov.homework1.TestNumberConverter"/>
  <testcase name="testConvertBinToOct" time="0.002" classname="ru.pflb.study.kosenkov.homework1.TestNumberConverter"/>
  <testcase name="testConvertDecToBin" time="0.001" classname="ru.pflb.study.kosenkov.homework1.TestNumberConverter"/>
  <testcase name="testConvertBinToOct" time="0.001" classname="ru.pflb.study.kosenkov.homework1.TestNumberConverter"/>
</testsuite> <!-- ru.pflb.study.kosenkov.homework1.TestNumberConverter -->
