<?xml version="1.0" encoding="UTF-8"?>
<!-- Generated by org.testng.reporters.JUnitReportReporter -->
<testsuite skipped="0" hostname="DESKTOP-9D6R75R" name="ru.pflb.study.kosenkov.homework1.TestMain" tests="9" failures="0" timestamp="19 дек 2019 22:29:56 GMT" time="0.003" errors="0">
  <testcase name="testMult" time="0.000" classname="ru.pflb.study.kosenkov.homework1.TestMain"/>
  <testcase name="testAdd" time="0.001" classname="ru.pflb.study.kosenkov.homework1.TestMain"/>
  <testcase name="testAdd2" time="0.000" classname="ru.pflb.study.kosenkov.homework1.TestMain"/>
  <testcase name="testAdd1" time="0.002" classname="ru.pflb.study.kosenkov.homework1.TestMain"/>
  <testcase name="testParameters" time="0.000" classname="ru.pflb.study.kosenkov.homework1.TestMain"/>
  <testcase name="testParameters" time="0.000" classname="ru.pflb.study.kosenkov.homework1.TestMain"/>
  <testcase name="testParameters" time="0.000" classname="ru.pflb.study.kosenkov.homework1.TestMain"/>
  <testcase name="testSub" time="0.000" classname="ru.pflb.study.kosenkov.homework1.TestMain"/>
  <testcase name="testDiv" time="0.000" classname="ru.pflb.study.kosenkov.homework1.TestMain"/>
</testsuite> <!-- ru.pflb.study.kosenkov.homework1.TestMain -->
